[ 2017-01-16T20:58:20+08:00 ] 127.0.0.1 /Ygl/public/emergencys_index
INFO: [ app_init ] --START--
INFO: Run Behavior\BuildLiteBehavior [ RunTime:0.000000s ]
INFO: [ app_init ] --END-- [ RunTime:0.000000s ]
INFO: [ app_begin ] --START--
INFO: Run Behavior\ReadHtmlCacheBehavior [ RunTime:0.001000s ]
INFO: [ app_begin ] --END-- [ RunTime:0.001000s ]
NOTIC: [8] Undefined index: id F:\Project\sannong\Application\Ygl\Controller\PublicController.class.php 第 506 行.
NOTIC: [8] Undefined index: account F:\Project\sannong\Application\Ygl\Controller\PublicController.class.php 第 507 行.

[ 2017-01-16T20:59:35+08:00 ] 127.0.0.1 /Ygl/public/emergencys_index
INFO: [ app_init ] --START--
INFO: Run Behavior\BuildLiteBehavior [ RunTime:0.000000s ]
INFO: [ app_init ] --END-- [ RunTime:0.000000s ]
INFO: [ app_begin ] --START--
INFO: Run Behavior\ReadHtmlCacheBehavior [ RunTime:0.000000s ]
INFO: [ app_begin ] --END-- [ RunTime:0.000000s ]
NOTIC: [8] Undefined index: id F:\Project\sannong\Application\Ygl\Controller\PublicController.class.php 第 506 行.
NOTIC: [8] Undefined index: account F:\Project\sannong\Application\Ygl\Controller\PublicController.class.php 第 507 行.

[ 2017-01-16T20:59:35+08:00 ] 127.0.0.1 /Ygl/public/emergencys_index
INFO: [ app_init ] --START--
INFO: Run Behavior\BuildLiteBehavior [ RunTime:0.000000s ]
INFO: [ app_init ] --END-- [ RunTime:0.000000s ]
INFO: [ app_begin ] --START--
INFO: Run Behavior\ReadHtmlCacheBehavior [ RunTime:0.001000s ]
INFO: [ app_begin ] --END-- [ RunTime:0.001000s ]
NOTIC: [8] Undefined index: id F:\Project\sannong\Application\Ygl\Controller\PublicController.class.php 第 506 行.
NOTIC: [8] Undefined index: account F:\Project\sannong\Application\Ygl\Controller\PublicController.class.php 第 507 行.

[ 2017-01-16T20:59:36+08:00 ] 127.0.0.1 /Ygl/public/emergencys_index
INFO: [ app_init ] --START--
INFO: Run Behavior\BuildLiteBehavior [ RunTime:0.000000s ]
INFO: [ app_init ] --END-- [ RunTime:0.000000s ]
INFO: [ app_begin ] --START--
INFO: Run Behavior\ReadHtmlCacheBehavior [ RunTime:0.001000s ]
INFO: [ app_begin ] --END-- [ RunTime:0.001000s ]
NOTIC: [8] Undefined index: id F:\Project\sannong\Application\Ygl\Controller\PublicController.class.php 第 506 行.
NOTIC: [8] Undefined index: account F:\Project\sannong\Application\Ygl\Controller\PublicController.class.php 第 507 行.

[ 2017-01-16T20:59:36+08:00 ] 127.0.0.1 /Ygl/public/emergencys_index
INFO: [ app_init ] --START--
INFO: Run Behavior\BuildLiteBehavior [ RunTime:0.000000s ]
INFO: [ app_init ] --END-- [ RunTime:0.000000s ]
INFO: [ app_begin ] --START--
INFO: Run Behavior\ReadHtmlCacheBehavior [ RunTime:0.000000s ]
INFO: [ app_begin ] --END-- [ RunTime:0.000000s ]
NOTIC: [8] Undefined index: id F:\Project\sannong\Application\Ygl\Controller\PublicController.class.php 第 506 行.
NOTIC: [8] Undefined index: account F:\Project\sannong\Application\Ygl\Controller\PublicController.class.php 第 507 行.

[ 2017-01-16T20:59:36+08:00 ] 127.0.0.1 /Ygl/public/emergencys_index
INFO: [ app_init ] --START--
INFO: Run Behavior\BuildLiteBehavior [ RunTime:0.000000s ]
INFO: [ app_init ] --END-- [ RunTime:0.000000s ]
INFO: [ app_begin ] --START--
INFO: Run Behavior\ReadHtmlCacheBehavior [ RunTime:0.000000s ]
INFO: [ app_begin ] --END-- [ RunTime:0.000000s ]
NOTIC: [8] Undefined index: id F:\Project\sannong\Application\Ygl\Controller\PublicController.class.php 第 506 行.
NOTIC: [8] Undefined index: account F:\Project\sannong\Application\Ygl\Controller\PublicController.class.php 第 507 行.

[ 2017-01-16T20:59:36+08:00 ] 127.0.0.1 /Ygl/public/emergencys_index
INFO: [ app_init ] --START--
INFO: Run Behavior\BuildLiteBehavior [ RunTime:0.000000s ]
INFO: [ app_init ] --END-- [ RunTime:0.000000s ]
INFO: [ app_begin ] --START--
INFO: Run Behavior\ReadHtmlCacheBehavior [ RunTime:0.000000s ]
INFO: [ app_begin ] --END-- [ RunTime:0.000000s ]
NOTIC: [8] Undefined index: id F:\Project\sannong\Application\Ygl\Controller\PublicController.class.php 第 506 行.
NOTIC: [8] Undefined index: account F:\Project\sannong\Application\Ygl\Controller\PublicController.class.php 第 507 行.

[ 2017-01-16T20:59:36+08:00 ] 127.0.0.1 /Ygl/public/emergencys_index
INFO: [ app_init ] --START--
INFO: Run Behavior\BuildLiteBehavior [ RunTime:0.000000s ]
INFO: [ app_init ] --END-- [ RunTime:0.000000s ]
INFO: [ app_begin ] --START--
INFO: Run Behavior\ReadHtmlCacheBehavior [ RunTime:0.001001s ]
INFO: [ app_begin ] --END-- [ RunTime:0.001001s ]
NOTIC: [8] Undefined index: id F:\Project\sannong\Application\Ygl\Controller\PublicController.class.php 第 506 行.
NOTIC: [8] Undefined index: account F:\Project\sannong\Application\Ygl\Controller\PublicController.class.php 第 507 行.

[ 2017-01-16T20:59:37+08:00 ] 127.0.0.1 /Ygl/public/emergencys_index
INFO: [ app_init ] --START--
INFO: Run Behavior\BuildLiteBehavior [ RunTime:0.001000s ]
INFO: [ app_init ] --END-- [ RunTime:0.001000s ]
INFO: [ app_begin ] --START--
INFO: Run Behavior\ReadHtmlCacheBehavior [ RunTime:0.000000s ]
INFO: [ app_begin ] --END-- [ RunTime:0.000000s ]
NOTIC: [8] Undefined index: id F:\Project\sannong\Application\Ygl\Controller\PublicController.class.php 第 506 行.
NOTIC: [8] Undefined index: account F:\Project\sannong\Application\Ygl\Controller\PublicController.class.php 第 507 行.

[ 2017-01-16T20:59:37+08:00 ] 127.0.0.1 /Ygl/public/emergencys_index
INFO: [ app_init ] --START--
INFO: Run Behavior\BuildLiteBehavior [ RunTime:0.000000s ]
INFO: [ app_init ] --END-- [ RunTime:0.000000s ]
INFO: [ app_begin ] --START--
INFO: Run Behavior\ReadHtmlCacheBehavior [ RunTime:0.000000s ]
INFO: [ app_begin ] --END-- [ RunTime:0.000000s ]
NOTIC: [8] Undefined index: id F:\Project\sannong\Application\Ygl\Controller\PublicController.class.php 第 506 行.
NOTIC: [8] Undefined index: account F:\Project\sannong\Application\Ygl\Controller\PublicController.class.php 第 507 行.

[ 2017-01-16T20:59:37+08:00 ] 127.0.0.1 /Ygl/public/emergencys_index
INFO: [ app_init ] --START--
INFO: Run Behavior\BuildLiteBehavior [ RunTime:0.000000s ]
INFO: [ app_init ] --END-- [ RunTime:0.000000s ]
INFO: [ app_begin ] --START--
INFO: Run Behavior\ReadHtmlCacheBehavior [ RunTime:0.000000s ]
INFO: [ app_begin ] --END-- [ RunTime:0.000000s ]
NOTIC: [8] Undefined index: id F:\Project\sannong\Application\Ygl\Controller\PublicController.class.php 第 506 行.
NOTIC: [8] Undefined index: account F:\Project\sannong\Application\Ygl\Controller\PublicController.class.php 第 507 行.

[ 2017-01-16T20:59:38+08:00 ] 127.0.0.1 /Ygl/public/emergencys_index
INFO: [ app_init ] --START--
INFO: Run Behavior\BuildLiteBehavior [ RunTime:0.000000s ]
INFO: [ app_init ] --END-- [ RunTime:0.000000s ]
INFO: [ app_begin ] --START--
INFO: Run Behavior\ReadHtmlCacheBehavior [ RunTime:0.000000s ]
INFO: [ app_begin ] --END-- [ RunTime:0.000000s ]
NOTIC: [8] Undefined index: id F:\Project\sannong\Application\Ygl\Controller\PublicController.class.php 第 506 行.
NOTIC: [8] Undefined index: account F:\Project\sannong\Application\Ygl\Controller\PublicController.class.php 第 507 行.

[ 2017-01-16T20:59:38+08:00 ] 127.0.0.1 /Ygl/public/emergencys_index
INFO: [ app_init ] --START--
INFO: Run Behavior\BuildLiteBehavior [ RunTime:0.000000s ]
INFO: [ app_init ] --END-- [ RunTime:0.000000s ]
INFO: [ app_begin ] --START--
INFO: Run Behavior\ReadHtmlCacheBehavior [ RunTime:0.001000s ]
INFO: [ app_begin ] --END-- [ RunTime:0.001000s ]
NOTIC: [8] Undefined index: id F:\Project\sannong\Application\Ygl\Controller\PublicController.class.php 第 506 行.
NOTIC: [8] Undefined index: account F:\Project\sannong\Application\Ygl\Controller\PublicController.class.php 第 507 行.

[ 2017-01-16T20:59:38+08:00 ] 127.0.0.1 /Ygl/public/emergencys_index
INFO: [ app_init ] --START--
INFO: Run Behavior\BuildLiteBehavior [ RunTime:0.000000s ]
INFO: [ app_init ] --END-- [ RunTime:0.000000s ]
INFO: [ app_begin ] --START--
INFO: Run Behavior\ReadHtmlCacheBehavior [ RunTime:0.000000s ]
INFO: [ app_begin ] --END-- [ RunTime:0.000000s ]
NOTIC: [8] Undefined index: id F:\Project\sannong\Application\Ygl\Controller\PublicController.class.php 第 506 行.
NOTIC: [8] Undefined index: account F:\Project\sannong\Application\Ygl\Controller\PublicController.class.php 第 507 行.

[ 2017-01-16T21:05:07+08:00 ] 127.0.0.1 /Ygl/public/emergencys_index
INFO: [ app_init ] --START--
INFO: Run Behavior\BuildLiteBehavior [ RunTime:0.001000s ]
INFO: [ app_init ] --END-- [ RunTime:0.001000s ]
INFO: [ app_begin ] --START--
INFO: Run Behavior\ReadHtmlCacheBehavior [ RunTime:0.001000s ]
INFO: [ app_begin ] --END-- [ RunTime:0.001000s ]
NOTIC: [8] Undefined index: account F:\Project\sannong\Application\Ygl\Controller\PublicController.class.php 第 508 行.

[ 2017-01-16T21:05:08+08:00 ] 127.0.0.1 /Ygl/public/emergencys_index
INFO: [ app_init ] --START--
INFO: Run Behavior\BuildLiteBehavior [ RunTime:0.000000s ]
INFO: [ app_init ] --END-- [ RunTime:0.000000s ]
INFO: [ app_begin ] --START--
INFO: Run Behavior\ReadHtmlCacheBehavior [ RunTime:0.001000s ]
INFO: [ app_begin ] --END-- [ RunTime:0.001000s ]
NOTIC: [8] Undefined index: account F:\Project\sannong\Application\Ygl\Controller\PublicController.class.php 第 508 行.

[ 2017-01-16T21:05:08+08:00 ] 127.0.0.1 /Ygl/public/emergencys_index
INFO: [ app_init ] --START--
INFO: Run Behavior\BuildLiteBehavior [ RunTime:0.000000s ]
INFO: [ app_init ] --END-- [ RunTime:0.000000s ]
INFO: [ app_begin ] --START--
INFO: Run Behavior\ReadHtmlCacheBehavior [ RunTime:0.001000s ]
INFO: [ app_begin ] --END-- [ RunTime:0.001000s ]
NOTIC: [8] Undefined index: account F:\Project\sannong\Application\Ygl\Controller\PublicController.class.php 第 508 行.

[ 2017-01-16T21:05:08+08:00 ] 127.0.0.1 /Ygl/public/emergencys_index
INFO: [ app_init ] --START--
INFO: Run Behavior\BuildLiteBehavior [ RunTime:0.000000s ]
INFO: [ app_init ] --END-- [ RunTime:0.000000s ]
INFO: [ app_begin ] --START--
INFO: Run Behavior\ReadHtmlCacheBehavior [ RunTime:0.000000s ]
INFO: [ app_begin ] --END-- [ RunTime:0.000000s ]
NOTIC: [8] Undefined index: account F:\Project\sannong\Application\Ygl\Controller\PublicController.class.php 第 508 行.

[ 2017-01-16T21:05:08+08:00 ] 127.0.0.1 /Ygl/public/emergencys_index
INFO: [ app_init ] --START--
INFO: Run Behavior\BuildLiteBehavior [ RunTime:0.000000s ]
INFO: [ app_init ] --END-- [ RunTime:0.000000s ]
INFO: [ app_begin ] --START--
INFO: Run Behavior\ReadHtmlCacheBehavior [ RunTime:0.001000s ]
INFO: [ app_begin ] --END-- [ RunTime:0.001000s ]
NOTIC: [8] Undefined index: account F:\Project\sannong\Application\Ygl\Controller\PublicController.class.php 第 508 行.

[ 2017-01-16T21:05:08+08:00 ] 127.0.0.1 /Ygl/public/emergencys_index
INFO: [ app_init ] --START--
INFO: Run Behavior\BuildLiteBehavior [ RunTime:0.000000s ]
INFO: [ app_init ] --END-- [ RunTime:0.000000s ]
INFO: [ app_begin ] --START--
INFO: Run Behavior\ReadHtmlCacheBehavior [ RunTime:0.001000s ]
INFO: [ app_begin ] --END-- [ RunTime:0.001000s ]
NOTIC: [8] Undefined index: account F:\Project\sannong\Application\Ygl\Controller\PublicController.class.php 第 508 行.

[ 2017-01-16T21:05:09+08:00 ] 127.0.0.1 /Ygl/public/emergencys_index
INFO: [ app_init ] --START--
INFO: Run Behavior\BuildLiteBehavior [ RunTime:0.000000s ]
INFO: [ app_init ] --END-- [ RunTime:0.000000s ]
INFO: [ app_begin ] --START--
INFO: Run Behavior\ReadHtmlCacheBehavior [ RunTime:0.000000s ]
INFO: [ app_begin ] --END-- [ RunTime:0.000000s ]
NOTIC: [8] Undefined index: account F:\Project\sannong\Application\Ygl\Controller\PublicController.class.php 第 508 行.

[ 2017-01-16T21:05:14+08:00 ] 127.0.0.1 /Ygl/public/emergencys_index
INFO: [ app_init ] --START--
INFO: Run Behavior\BuildLiteBehavior [ RunTime:0.000000s ]
INFO: [ app_init ] --END-- [ RunTime:0.000000s ]
INFO: [ app_begin ] --START--
INFO: Run Behavior\ReadHtmlCacheBehavior [ RunTime:0.000000s ]
INFO: [ app_begin ] --END-- [ RunTime:0.000000s ]
NOTIC: [8] Undefined index: account F:\Project\sannong\Application\Ygl\Controller\PublicController.class.php 第 508 行.
SQL: SHOW COLUMNS FROM `sn_emergency` [ RunTime:0.0030s ]
SQL: SELECT * FROM `sn_emergency` WHERE `id` = 47 AND `status` = 1  [ RunTime:0.0000s ]
SQL: UPDATE `sn_emergency` SET `is_read`='13315512168,18660233428,13315512161,' WHERE `id` = 47 AND `status` = 1 [ RunTime:0.0020s ]

[ 2017-01-16T21:05:15+08:00 ] 127.0.0.1 /Ygl/public/emergencys_index
INFO: [ app_init ] --START--
INFO: Run Behavior\BuildLiteBehavior [ RunTime:0.000000s ]
INFO: [ app_init ] --END-- [ RunTime:0.000000s ]
INFO: [ app_begin ] --START--
INFO: Run Behavior\ReadHtmlCacheBehavior [ RunTime:0.000000s ]
INFO: [ app_begin ] --END-- [ RunTime:0.000000s ]
NOTIC: [8] Undefined index: account F:\Project\sannong\Application\Ygl\Controller\PublicController.class.php 第 508 行.
SQL: SHOW COLUMNS FROM `sn_emergency` [ RunTime:0.0040s ]
SQL: SELECT * FROM `sn_emergency` WHERE `id` = 47 AND `status` = 1  [ RunTime:0.0000s ]

[ 2017-01-16T21:05:15+08:00 ] 127.0.0.1 /Ygl/public/emergencys_index
INFO: [ app_init ] --START--
INFO: Run Behavior\BuildLiteBehavior [ RunTime:0.000000s ]
INFO: [ app_init ] --END-- [ RunTime:0.000000s ]
INFO: [ app_begin ] --START--
INFO: Run Behavior\ReadHtmlCacheBehavior [ RunTime:0.000000s ]
INFO: [ app_begin ] --END-- [ RunTime:0.000000s ]
NOTIC: [8] Undefined index: account F:\Project\sannong\Application\Ygl\Controller\PublicController.class.php 第 508 行.
SQL: SHOW COLUMNS FROM `sn_emergency` [ RunTime:0.0030s ]
SQL: SELECT * FROM `sn_emergency` WHERE `id` = 47 AND `status` = 1  [ RunTime:0.0000s ]

[ 2017-01-16T21:05:15+08:00 ] 127.0.0.1 /Ygl/public/emergencys_index
INFO: [ app_init ] --START--
INFO: Run Behavior\BuildLiteBehavior [ RunTime:0.000000s ]
INFO: [ app_init ] --END-- [ RunTime:0.000000s ]
INFO: [ app_begin ] --START--
INFO: Run Behavior\ReadHtmlCacheBehavior [ RunTime:0.000000s ]
INFO: [ app_begin ] --END-- [ RunTime:0.000000s ]
NOTIC: [8] Undefined index: account F:\Project\sannong\Application\Ygl\Controller\PublicController.class.php 第 508 行.
SQL: SHOW COLUMNS FROM `sn_emergency` [ RunTime:0.0020s ]
SQL: SELECT * FROM `sn_emergency` WHERE `id` = 47 AND `status` = 1  [ RunTime:0.0000s ]

[ 2017-01-16T21:05:15+08:00 ] 127.0.0.1 /Ygl/public/emergencys_index
INFO: [ app_init ] --START--
INFO: Run Behavior\BuildLiteBehavior [ RunTime:0.000000s ]
INFO: [ app_init ] --END-- [ RunTime:0.000000s ]
INFO: [ app_begin ] --START--
INFO: Run Behavior\ReadHtmlCacheBehavior [ RunTime:0.000000s ]
INFO: [ app_begin ] --END-- [ RunTime:0.000000s ]
NOTIC: [8] Undefined index: account F:\Project\sannong\Application\Ygl\Controller\PublicController.class.php 第 508 行.
SQL: SHOW COLUMNS FROM `sn_emergency` [ RunTime:0.0020s ]
SQL: SELECT * FROM `sn_emergency` WHERE `id` = 47 AND `status` = 1  [ RunTime:0.0000s ]

[ 2017-01-16T21:14:58+08:00 ] 127.0.0.1 /Ygl/public/emergencys_index
INFO: [ app_init ] --START--
INFO: Run Behavior\BuildLiteBehavior [ RunTime:0.000000s ]
INFO: [ app_init ] --END-- [ RunTime:0.000000s ]
INFO: [ app_begin ] --START--
INFO: Run Behavior\ReadHtmlCacheBehavior [ RunTime:0.000000s ]
INFO: [ app_begin ] --END-- [ RunTime:0.000000s ]
NOTIC: [8] Undefined index: account F:\Project\sannong\Application\Ygl\Controller\PublicController.class.php 第 508 行.
SQL: SHOW COLUMNS FROM `sn_emergency` [ RunTime:0.0030s ]
SQL: SELECT * FROM `sn_emergency` WHERE `id` = 47 AND `status` = 1  [ RunTime:0.0010s ]

[ 2017-01-16T21:14:58+08:00 ] 127.0.0.1 /Ygl/public/emergencys_index
INFO: [ app_init ] --START--
INFO: Run Behavior\BuildLiteBehavior [ RunTime:0.000000s ]
INFO: [ app_init ] --END-- [ RunTime:0.000000s ]
INFO: [ app_begin ] --START--
INFO: Run Behavior\ReadHtmlCacheBehavior [ RunTime:0.000000s ]
INFO: [ app_begin ] --END-- [ RunTime:0.000000s ]
NOTIC: [8] Undefined index: account F:\Project\sannong\Application\Ygl\Controller\PublicController.class.php 第 508 行.
SQL: SHOW COLUMNS FROM `sn_emergency` [ RunTime:0.0030s ]
SQL: SELECT * FROM `sn_emergency` WHERE `id` = 47 AND `status` = 1  [ RunTime:0.0000s ]

[ 2017-01-16T21:14:58+08:00 ] 127.0.0.1 /Ygl/public/emergencys_index
INFO: [ app_init ] --START--
INFO: Run Behavior\BuildLiteBehavior [ RunTime:0.000000s ]
INFO: [ app_init ] --END-- [ RunTime:0.001000s ]
INFO: [ app_begin ] --START--
INFO: Run Behavior\ReadHtmlCacheBehavior [ RunTime:0.000000s ]
INFO: [ app_begin ] --END-- [ RunTime:0.000000s ]
NOTIC: [8] Undefined index: account F:\Project\sannong\Application\Ygl\Controller\PublicController.class.php 第 508 行.
SQL: SHOW COLUMNS FROM `sn_emergency` [ RunTime:0.0030s ]
SQL: SELECT * FROM `sn_emergency` WHERE `id` = 47 AND `status` = 1  [ RunTime:0.0000s ]

[ 2017-01-16T21:14:59+08:00 ] 127.0.0.1 /Ygl/public/emergencys_index
INFO: [ app_init ] --START--
INFO: Run Behavior\BuildLiteBehavior [ RunTime:0.000000s ]
INFO: [ app_init ] --END-- [ RunTime:0.000000s ]
INFO: [ app_begin ] --START--
INFO: Run Behavior\ReadHtmlCacheBehavior [ RunTime:0.000000s ]
INFO: [ app_begin ] --END-- [ RunTime:0.000000s ]
NOTIC: [8] Undefined index: account F:\Project\sannong\Application\Ygl\Controller\PublicController.class.php 第 508 行.
SQL: SHOW COLUMNS FROM `sn_emergency` [ RunTime:0.0030s ]
SQL: SELECT * FROM `sn_emergency` WHERE `id` = 47 AND `status` = 1  [ RunTime:0.0010s ]

[ 2017-01-16T21:14:59+08:00 ] 127.0.0.1 /Ygl/public/emergencys_index
INFO: [ app_init ] --START--
INFO: Run Behavior\BuildLiteBehavior [ RunTime:0.000000s ]
INFO: [ app_init ] --END-- [ RunTime:0.000000s ]
INFO: [ app_begin ] --START--
INFO: Run Behavior\ReadHtmlCacheBehavior [ RunTime:0.000000s ]
INFO: [ app_begin ] --END-- [ RunTime:0.000000s ]
NOTIC: [8] Undefined index: account F:\Project\sannong\Application\Ygl\Controller\PublicController.class.php 第 508 行.
SQL: SHOW COLUMNS FROM `sn_emergency` [ RunTime:0.0030s ]
SQL: SELECT * FROM `sn_emergency` WHERE `id` = 47 AND `status` = 1  [ RunTime:0.0010s ]

[ 2017-01-16T21:14:59+08:00 ] 127.0.0.1 /Ygl/public/emergencys_index
INFO: [ app_init ] --START--
INFO: Run Behavior\BuildLiteBehavior [ RunTime:0.000000s ]
INFO: [ app_init ] --END-- [ RunTime:0.000000s ]
INFO: [ app_begin ] --START--
INFO: Run Behavior\ReadHtmlCacheBehavior [ RunTime:0.000000s ]
INFO: [ app_begin ] --END-- [ RunTime:0.000000s ]
NOTIC: [8] Undefined index: account F:\Project\sannong\Application\Ygl\Controller\PublicController.class.php 第 508 行.
SQL: SHOW COLUMNS FROM `sn_emergency` [ RunTime:0.0040s ]
SQL: SELECT * FROM `sn_emergency` WHERE `id` = 47 AND `status` = 1  [ RunTime:0.0000s ]

[ 2017-01-16T21:14:59+08:00 ] 127.0.0.1 /Ygl/public/emergencys_index
INFO: [ app_init ] --START--
INFO: Run Behavior\BuildLiteBehavior [ RunTime:0.000000s ]
INFO: [ app_init ] --END-- [ RunTime:0.000000s ]
INFO: [ app_begin ] --START--
INFO: Run Behavior\ReadHtmlCacheBehavior [ RunTime:0.000000s ]
INFO: [ app_begin ] --END-- [ RunTime:0.000000s ]
NOTIC: [8] Undefined index: account F:\Project\sannong\Application\Ygl\Controller\PublicController.class.php 第 508 行.
SQL: SHOW COLUMNS FROM `sn_emergency` [ RunTime:0.0030s ]
SQL: SELECT * FROM `sn_emergency` WHERE `id` = 47 AND `status` = 1  [ RunTime:0.0000s ]

[ 2017-01-16T21:14:59+08:00 ] 127.0.0.1 /Ygl/public/emergencys_index
INFO: [ app_init ] --START--
INFO: Run Behavior\BuildLiteBehavior [ RunTime:0.000000s ]
INFO: [ app_init ] --END-- [ RunTime:0.000000s ]
INFO: [ app_begin ] --START--
INFO: Run Behavior\ReadHtmlCacheBehavior [ RunTime:0.000000s ]
INFO: [ app_begin ] --END-- [ RunTime:0.000000s ]
NOTIC: [8] Undefined index: account F:\Project\sannong\Application\Ygl\Controller\PublicController.class.php 第 508 行.
SQL: SHOW COLUMNS FROM `sn_emergency` [ RunTime:0.0030s ]
SQL: SELECT * FROM `sn_emergency` WHERE `id` = 47 AND `status` = 1  [ RunTime:0.0010s ]

[ 2017-01-16T21:15:01+08:00 ] 127.0.0.1 /Ygl/public/emergencys_index
INFO: [ app_init ] --START--
INFO: Run Behavior\BuildLiteBehavior [ RunTime:0.000000s ]
INFO: [ app_init ] --END-- [ RunTime:0.000000s ]
INFO: [ app_begin ] --START--
INFO: Run Behavior\ReadHtmlCacheBehavior [ RunTime:0.000000s ]
INFO: [ app_begin ] --END-- [ RunTime:0.000000s ]
NOTIC: [8] Undefined index: account F:\Project\sannong\Application\Ygl\Controller\PublicController.class.php 第 508 行.
SQL: SHOW COLUMNS FROM `sn_emergency` [ RunTime:0.0030s ]
SQL: SELECT * FROM `sn_emergency` WHERE `id` = 47 AND `status` = 1  [ RunTime:0.0010s ]

[ 2017-01-16T21:15:01+08:00 ] 127.0.0.1 /Ygl/public/emergencys_index
INFO: [ app_init ] --START--
INFO: Run Behavior\BuildLiteBehavior [ RunTime:0.000000s ]
INFO: [ app_init ] --END-- [ RunTime:0.000000s ]
INFO: [ app_begin ] --START--
INFO: Run Behavior\ReadHtmlCacheBehavior [ RunTime:0.001000s ]
INFO: [ app_begin ] --END-- [ RunTime:0.001000s ]
NOTIC: [8] Undefined index: account F:\Project\sannong\Application\Ygl\Controller\PublicController.class.php 第 508 行.
SQL: SHOW COLUMNS FROM `sn_emergency` [ RunTime:0.0060s ]
SQL: SELECT * FROM `sn_emergency` WHERE `id` = 47 AND `status` = 1  [ RunTime:0.0010s ]

[ 2017-01-16T21:15:01+08:00 ] 127.0.0.1 /Ygl/public/emergencys_index
INFO: [ app_init ] --START--
INFO: Run Behavior\BuildLiteBehavior [ RunTime:0.000000s ]
INFO: [ app_init ] --END-- [ RunTime:0.000000s ]
INFO: [ app_begin ] --START--
INFO: Run Behavior\ReadHtmlCacheBehavior [ RunTime:0.000000s ]
INFO: [ app_begin ] --END-- [ RunTime:0.001000s ]
NOTIC: [8] Undefined index: account F:\Project\sannong\Application\Ygl\Controller\PublicController.class.php 第 508 行.
SQL: SHOW COLUMNS FROM `sn_emergency` [ RunTime:0.0040s ]
SQL: SELECT * FROM `sn_emergency` WHERE `id` = 47 AND `status` = 1  [ RunTime:0.0000s ]

[ 2017-01-16T21:15:06+08:00 ] 127.0.0.1 /Ygl/public/emergencys_index
INFO: [ app_init ] --START--
INFO: Run Behavior\BuildLiteBehavior [ RunTime:0.000000s ]
INFO: [ app_init ] --END-- [ RunTime:0.000000s ]
INFO: [ app_begin ] --START--
INFO: Run Behavior\ReadHtmlCacheBehavior [ RunTime:0.001000s ]
INFO: [ app_begin ] --END-- [ RunTime:0.001000s ]
NOTIC: [8] Undefined index: account F:\Project\sannong\Application\Ygl\Controller\PublicController.class.php 第 508 行.
SQL: SHOW COLUMNS FROM `sn_emergency` [ RunTime:0.0030s ]
SQL: SELECT * FROM `sn_emergency` WHERE `id` = 47 AND `status` = 1  [ RunTime:0.0010s ]

[ 2017-01-16T21:15:13+08:00 ] 127.0.0.1 /Ygl/public/emergencys_index
INFO: [ app_init ] --START--
INFO: Run Behavior\BuildLiteBehavior [ RunTime:0.000000s ]
INFO: [ app_init ] --END-- [ RunTime:0.000000s ]
INFO: [ app_begin ] --START--
INFO: Run Behavior\ReadHtmlCacheBehavior [ RunTime:0.000000s ]
INFO: [ app_begin ] --END-- [ RunTime:0.000000s ]
NOTIC: [8] Undefined index: account F:\Project\sannong\Application\Ygl\Controller\PublicController.class.php 第 508 行.
SQL: SHOW COLUMNS FROM `sn_emergency` [ RunTime:0.0030s ]
SQL: SELECT * FROM `sn_emergency` WHERE `id` = 47 AND `status` = 1  [ RunTime:0.0000s ]

[ 2017-01-16T21:15:14+08:00 ] 127.0.0.1 /Ygl/public/emergencys_index
INFO: [ app_init ] --START--
INFO: Run Behavior\BuildLiteBehavior [ RunTime:0.000000s ]
INFO: [ app_init ] --END-- [ RunTime:0.000000s ]
INFO: [ app_begin ] --START--
INFO: Run Behavior\ReadHtmlCacheBehavior [ RunTime:0.000000s ]
INFO: [ app_begin ] --END-- [ RunTime:0.000000s ]
NOTIC: [8] Undefined index: account F:\Project\sannong\Application\Ygl\Controller\PublicController.class.php 第 508 行.
SQL: SHOW COLUMNS FROM `sn_emergency` [ RunTime:0.0030s ]
SQL: SELECT * FROM `sn_emergency` WHERE `id` = 47 AND `status` = 1  [ RunTime:0.0000s ]

[ 2017-01-16T21:15:15+08:00 ] 127.0.0.1 /Ygl/public/emergencys_index
INFO: [ app_init ] --START--
INFO: Run Behavior\BuildLiteBehavior [ RunTime:0.000000s ]
INFO: [ app_init ] --END-- [ RunTime:0.000000s ]
INFO: [ app_begin ] --START--
INFO: Run Behavior\ReadHtmlCacheBehavior [ RunTime:0.000000s ]
INFO: [ app_begin ] --END-- [ RunTime:0.000000s ]
NOTIC: [8] Undefined index: account F:\Project\sannong\Application\Ygl\Controller\PublicController.class.php 第 508 行.
SQL: SHOW COLUMNS FROM `sn_emergency` [ RunTime:0.0020s ]
SQL: SELECT * FROM `sn_emergency` WHERE `id` = 47 AND `status` = 1  [ RunTime:0.0000s ]

[ 2017-01-16T21:15:15+08:00 ] 127.0.0.1 /Ygl/public/emergencys_index
INFO: [ app_init ] --START--
INFO: Run Behavior\BuildLiteBehavior [ RunTime:0.000000s ]
INFO: [ app_init ] --END-- [ RunTime:0.000000s ]
INFO: [ app_begin ] --START--
INFO: Run Behavior\ReadHtmlCacheBehavior [ RunTime:0.001000s ]
INFO: [ app_begin ] --END-- [ RunTime:0.001000s ]
NOTIC: [8] Undefined index: account F:\Project\sannong\Application\Ygl\Controller\PublicController.class.php 第 508 行.
SQL: SHOW COLUMNS FROM `sn_emergency` [ RunTime:0.0030s ]
SQL: SELECT * FROM `sn_emergency` WHERE `id` = 47 AND `status` = 1  [ RunTime:0.0010s ]

[ 2017-01-16T21:15:15+08:00 ] 127.0.0.1 /Ygl/public/emergencys_index
INFO: [ app_init ] --START--
INFO: Run Behavior\BuildLiteBehavior [ RunTime:0.000000s ]
INFO: [ app_init ] --END-- [ RunTime:0.000000s ]
INFO: [ app_begin ] --START--
INFO: Run Behavior\ReadHtmlCacheBehavior [ RunTime:0.000000s ]
INFO: [ app_begin ] --END-- [ RunTime:0.000000s ]
NOTIC: [8] Undefined index: account F:\Project\sannong\Application\Ygl\Controller\PublicController.class.php 第 508 行.
SQL: SHOW COLUMNS FROM `sn_emergency` [ RunTime:0.0030s ]
SQL: SELECT * FROM `sn_emergency` WHERE `id` = 47 AND `status` = 1  [ RunTime:0.0010s ]

[ 2017-01-16T21:18:49+08:00 ] 127.0.0.1 /Ygl/public/emergencys_index
INFO: [ app_init ] --START--
INFO: Run Behavior\BuildLiteBehavior [ RunTime:0.000000s ]
INFO: [ app_init ] --END-- [ RunTime:0.000000s ]
INFO: [ app_begin ] --START--
INFO: Run Behavior\ReadHtmlCacheBehavior [ RunTime:0.000000s ]
INFO: [ app_begin ] --END-- [ RunTime:0.000000s ]
NOTIC: [8] Undefined index: account F:\Project\sannong\Application\Ygl\Controller\PublicController.class.php 第 508 行.
SQL: SHOW COLUMNS FROM `sn_emergency` [ RunTime:0.0030s ]
SQL: SELECT * FROM `sn_emergency` WHERE `id` = 47 AND `status` = 1  [ RunTime:0.0010s ]

[ 2017-01-16T21:18:50+08:00 ] 127.0.0.1 /Ygl/public/emergencys_index
INFO: [ app_init ] --START--
INFO: Run Behavior\BuildLiteBehavior [ RunTime:0.000000s ]
INFO: [ app_init ] --END-- [ RunTime:0.000000s ]
INFO: [ app_begin ] --START--
INFO: Run Behavior\ReadHtmlCacheBehavior [ RunTime:0.000000s ]
INFO: [ app_begin ] --END-- [ RunTime:0.000000s ]
NOTIC: [8] Undefined index: account F:\Project\sannong\Application\Ygl\Controller\PublicController.class.php 第 508 行.
SQL: SHOW COLUMNS FROM `sn_emergency` [ RunTime:0.0030s ]
SQL: SELECT * FROM `sn_emergency` WHERE `id` = 47 AND `status` = 1  [ RunTime:0.0010s ]

[ 2017-01-16T21:18:50+08:00 ] 127.0.0.1 /Ygl/public/emergencys_index
INFO: [ app_init ] --START--
INFO: Run Behavior\BuildLiteBehavior [ RunTime:0.000000s ]
INFO: [ app_init ] --END-- [ RunTime:0.000000s ]
INFO: [ app_begin ] --START--
INFO: Run Behavior\ReadHtmlCacheBehavior [ RunTime:0.001000s ]
INFO: [ app_begin ] --END-- [ RunTime:0.001000s ]
NOTIC: [8] Undefined index: account F:\Project\sannong\Application\Ygl\Controller\PublicController.class.php 第 508 行.
SQL: SHOW COLUMNS FROM `sn_emergency` [ RunTime:0.0030s ]
SQL: SELECT * FROM `sn_emergency` WHERE `id` = 47 AND `status` = 1  [ RunTime:0.0000s ]

[ 2017-01-16T21:18:50+08:00 ] 127.0.0.1 /Ygl/public/emergencys_index
INFO: [ app_init ] --START--
INFO: Run Behavior\BuildLiteBehavior [ RunTime:0.000000s ]
INFO: [ app_init ] --END-- [ RunTime:0.000000s ]
INFO: [ app_begin ] --START--
INFO: Run Behavior\ReadHtmlCacheBehavior [ RunTime:0.000000s ]
INFO: [ app_begin ] --END-- [ RunTime:0.000000s ]
NOTIC: [8] Undefined index: account F:\Project\sannong\Application\Ygl\Controller\PublicController.class.php 第 508 行.
SQL: SHOW COLUMNS FROM `sn_emergency` [ RunTime:0.0030s ]
SQL: SELECT * FROM `sn_emergency` WHERE `id` = 47 AND `status` = 1  [ RunTime:0.0000s ]

[ 2017-01-16T21:18:51+08:00 ] 127.0.0.1 /Ygl/public/emergencys_index
INFO: [ app_init ] --START--
INFO: Run Behavior\BuildLiteBehavior [ RunTime:0.000000s ]
INFO: [ app_init ] --END-- [ RunTime:0.000000s ]
INFO: [ app_begin ] --START--
INFO: Run Behavior\ReadHtmlCacheBehavior [ RunTime:0.000000s ]
INFO: [ app_begin ] --END-- [ RunTime:0.000000s ]
NOTIC: [8] Undefined index: account F:\Project\sannong\Application\Ygl\Controller\PublicController.class.php 第 508 行.
SQL: SHOW COLUMNS FROM `sn_emergency` [ RunTime:0.0020s ]
SQL: SELECT * FROM `sn_emergency` WHERE `id` = 47 AND `status` = 1  [ RunTime:0.0000s ]

[ 2017-01-16T21:18:51+08:00 ] 127.0.0.1 /Ygl/public/emergencys_index
INFO: [ app_init ] --START--
INFO: Run Behavior\BuildLiteBehavior [ RunTime:0.000000s ]
INFO: [ app_init ] --END-- [ RunTime:0.000000s ]
INFO: [ app_begin ] --START--
INFO: Run Behavior\ReadHtmlCacheBehavior [ RunTime:0.000000s ]
INFO: [ app_begin ] --END-- [ RunTime:0.000000s ]
NOTIC: [8] Undefined index: account F:\Project\sannong\Application\Ygl\Controller\PublicController.class.php 第 508 行.
SQL: SHOW COLUMNS FROM `sn_emergency` [ RunTime:0.0030s ]
SQL: SELECT * FROM `sn_emergency` WHERE `id` = 47 AND `status` = 1  [ RunTime:0.0000s ]

[ 2017-01-16T21:18:51+08:00 ] 127.0.0.1 /Ygl/public/emergencys_index
INFO: [ app_init ] --START--
INFO: Run Behavior\BuildLiteBehavior [ RunTime:0.000000s ]
INFO: [ app_init ] --END-- [ RunTime:0.000000s ]
INFO: [ app_begin ] --START--
INFO: Run Behavior\ReadHtmlCacheBehavior [ RunTime:0.000000s ]
INFO: [ app_begin ] --END-- [ RunTime:0.000000s ]
NOTIC: [8] Undefined index: account F:\Project\sannong\Application\Ygl\Controller\PublicController.class.php 第 508 行.
SQL: SHOW COLUMNS FROM `sn_emergency` [ RunTime:0.0030s ]
SQL: SELECT * FROM `sn_emergency` WHERE `id` = 47 AND `status` = 1  [ RunTime:0.0000s ]

[ 2017-01-16T21:18:51+08:00 ] 127.0.0.1 /Ygl/public/emergencys_index
INFO: [ app_init ] --START--
INFO: Run Behavior\BuildLiteBehavior [ RunTime:0.000000s ]
INFO: [ app_init ] --END-- [ RunTime:0.000000s ]
INFO: [ app_begin ] --START--
INFO: Run Behavior\ReadHtmlCacheBehavior [ RunTime:0.000000s ]
INFO: [ app_begin ] --END-- [ RunTime:0.000000s ]
NOTIC: [8] Undefined index: account F:\Project\sannong\Application\Ygl\Controller\PublicController.class.php 第 508 行.
SQL: SHOW COLUMNS FROM `sn_emergency` [ RunTime:0.0030s ]
SQL: SELECT * FROM `sn_emergency` WHERE `id` = 47 AND `status` = 1  [ RunTime:0.0000s ]

[ 2017-01-16T21:18:52+08:00 ] 127.0.0.1 /Ygl/public/emergencys_index
INFO: [ app_init ] --START--
INFO: Run Behavior\BuildLiteBehavior [ RunTime:0.000000s ]
INFO: [ app_init ] --END-- [ RunTime:0.000000s ]
INFO: [ app_begin ] --START--
INFO: Run Behavior\ReadHtmlCacheBehavior [ RunTime:0.001000s ]
INFO: [ app_begin ] --END-- [ RunTime:0.001000s ]
NOTIC: [8] Undefined index: account F:\Project\sannong\Application\Ygl\Controller\PublicController.class.php 第 508 行.
SQL: SHOW COLUMNS FROM `sn_emergency` [ RunTime:0.0030s ]
SQL: SELECT * FROM `sn_emergency` WHERE `id` = 47 AND `status` = 1  [ RunTime:0.0010s ]

[ 2017-01-16T21:18:52+08:00 ] 127.0.0.1 /Ygl/public/emergencys_index
INFO: [ app_init ] --START--
INFO: Run Behavior\BuildLiteBehavior [ RunTime:0.000000s ]
INFO: [ app_init ] --END-- [ RunTime:0.000000s ]
INFO: [ app_begin ] --START--
INFO: Run Behavior\ReadHtmlCacheBehavior [ RunTime:0.000000s ]
INFO: [ app_begin ] --END-- [ RunTime:0.001000s ]
NOTIC: [8] Undefined index: account F:\Project\sannong\Application\Ygl\Controller\PublicController.class.php 第 508 行.
SQL: SHOW COLUMNS FROM `sn_emergency` [ RunTime:0.0030s ]
SQL: SELECT * FROM `sn_emergency` WHERE `id` = 47 AND `status` = 1  [ RunTime:0.0000s ]

[ 2017-01-16T21:18:52+08:00 ] 127.0.0.1 /Ygl/public/emergencys_index
INFO: [ app_init ] --START--
INFO: Run Behavior\BuildLiteBehavior [ RunTime:0.000000s ]
INFO: [ app_init ] --END-- [ RunTime:0.000000s ]
INFO: [ app_begin ] --START--
INFO: Run Behavior\ReadHtmlCacheBehavior [ RunTime:0.000000s ]
INFO: [ app_begin ] --END-- [ RunTime:0.000000s ]
NOTIC: [8] Undefined index: account F:\Project\sannong\Application\Ygl\Controller\PublicController.class.php 第 508 行.
SQL: SHOW COLUMNS FROM `sn_emergency` [ RunTime:0.0020s ]
SQL: SELECT * FROM `sn_emergency` WHERE `id` = 47 AND `status` = 1  [ RunTime:0.0000s ]

[ 2017-01-16T21:18:52+08:00 ] 127.0.0.1 /Ygl/public/emergencys_index
INFO: [ app_init ] --START--
INFO: Run Behavior\BuildLiteBehavior [ RunTime:0.000000s ]
INFO: [ app_init ] --END-- [ RunTime:0.000000s ]
INFO: [ app_begin ] --START--
INFO: Run Behavior\ReadHtmlCacheBehavior [ RunTime:0.000000s ]
INFO: [ app_begin ] --END-- [ RunTime:0.000000s ]
NOTIC: [8] Undefined index: account F:\Project\sannong\Application\Ygl\Controller\PublicController.class.php 第 508 行.
SQL: SHOW COLUMNS FROM `sn_emergency` [ RunTime:0.0030s ]
SQL: SELECT * FROM `sn_emergency` WHERE `id` = 47 AND `status` = 1  [ RunTime:0.0000s ]

[ 2017-01-16T21:18:52+08:00 ] 127.0.0.1 /Ygl/public/emergencys_index
INFO: [ app_init ] --START--
INFO: Run Behavior\BuildLiteBehavior [ RunTime:0.000000s ]
INFO: [ app_init ] --END-- [ RunTime:0.000000s ]
INFO: [ app_begin ] --START--
INFO: Run Behavior\ReadHtmlCacheBehavior [ RunTime:0.000000s ]
INFO: [ app_begin ] --END-- [ RunTime:0.000000s ]
NOTIC: [8] Undefined index: account F:\Project\sannong\Application\Ygl\Controller\PublicController.class.php 第 508 行.
SQL: SHOW COLUMNS FROM `sn_emergency` [ RunTime:0.0030s ]
SQL: SELECT * FROM `sn_emergency` WHERE `id` = 47 AND `status` = 1  [ RunTime:0.0010s ]

[ 2017-01-16T21:19:01+08:00 ] 127.0.0.1 /Ygl/public/emergencys_index
INFO: [ app_init ] --START--
INFO: Run Behavior\BuildLiteBehavior [ RunTime:0.000000s ]
INFO: [ app_init ] --END-- [ RunTime:0.000000s ]
INFO: [ app_begin ] --START--
INFO: Run Behavior\ReadHtmlCacheBehavior [ RunTime:0.000000s ]
INFO: [ app_begin ] --END-- [ RunTime:0.000000s ]
NOTIC: [8] Undefined index: account F:\Project\sannong\Application\Ygl\Controller\PublicController.class.php 第 508 行.
SQL: SHOW COLUMNS FROM `sn_emergency` [ RunTime:0.0020s ]
SQL: SELECT * FROM `sn_emergency` WHERE `id` = 47 AND `status` = 1  [ RunTime:0.0000s ]

[ 2017-01-16T21:21:08+08:00 ] 127.0.0.1 /Ygl/public/emergencys_index
INFO: [ app_init ] --START--
INFO: Run Behavior\BuildLiteBehavior [ RunTime:0.000000s ]
INFO: [ app_init ] --END-- [ RunTime:0.000000s ]
INFO: [ app_begin ] --START--
INFO: Run Behavior\ReadHtmlCacheBehavior [ RunTime:0.000000s ]
INFO: [ app_begin ] --END-- [ RunTime:0.000000s ]
NOTIC: [8] Undefined index: account F:\Project\sannong\Application\Ygl\Controller\PublicController.class.php 第 508 行.
SQL: SHOW COLUMNS FROM `sn_emergency` [ RunTime:0.0030s ]
SQL: SELECT * FROM `sn_emergency` WHERE `id` = 47 AND `status` = 1  [ RunTime:0.0000s ]

[ 2017-01-16T21:21:08+08:00 ] 127.0.0.1 /Ygl/public/emergencys_index
INFO: [ app_init ] --START--
INFO: Run Behavior\BuildLiteBehavior [ RunTime:0.000000s ]
INFO: [ app_init ] --END-- [ RunTime:0.000000s ]
INFO: [ app_begin ] --START--
INFO: Run Behavior\ReadHtmlCacheBehavior [ RunTime:0.000000s ]
INFO: [ app_begin ] --END-- [ RunTime:0.000000s ]
NOTIC: [8] Undefined index: account F:\Project\sannong\Application\Ygl\Controller\PublicController.class.php 第 508 行.
SQL: SHOW COLUMNS FROM `sn_emergency` [ RunTime:0.0020s ]
SQL: SELECT * FROM `sn_emergency` WHERE `id` = 47 AND `status` = 1  [ RunTime:0.0000s ]

[ 2017-01-16T21:23:24+08:00 ] 127.0.0.1 /Ygl/public/emergencys_index
INFO: [ app_init ] --START--
INFO: Run Behavior\BuildLiteBehavior [ RunTime:0.000000s ]
INFO: [ app_init ] --END-- [ RunTime:0.000000s ]
INFO: [ app_begin ] --START--
INFO: Run Behavior\ReadHtmlCacheBehavior [ RunTime:0.000000s ]
INFO: [ app_begin ] --END-- [ RunTime:0.000000s ]
NOTIC: [8] Undefined index: account F:\Project\sannong\Application\Ygl\Controller\PublicController.class.php 第 508 行.
SQL: SHOW COLUMNS FROM `sn_emergency` [ RunTime:0.0030s ]
SQL: SELECT * FROM `sn_emergency` WHERE `id` = 47 AND `status` = 1  [ RunTime:0.0010s ]

[ 2017-01-16T21:23:24+08:00 ] 127.0.0.1 /Ygl/public/emergencys_index
INFO: [ app_init ] --START--
INFO: Run Behavior\BuildLiteBehavior [ RunTime:0.000000s ]
INFO: [ app_init ] --END-- [ RunTime:0.000000s ]
INFO: [ app_begin ] --START--
INFO: Run Behavior\ReadHtmlCacheBehavior [ RunTime:0.001000s ]
INFO: [ app_begin ] --END-- [ RunTime:0.001000s ]
NOTIC: [8] Undefined index: account F:\Project\sannong\Application\Ygl\Controller\PublicController.class.php 第 508 行.
SQL: SHOW COLUMNS FROM `sn_emergency` [ RunTime:0.0030s ]
SQL: SELECT * FROM `sn_emergency` WHERE `id` = 47 AND `status` = 1  [ RunTime:0.0000s ]

[ 2017-01-16T21:23:24+08:00 ] 127.0.0.1 /Ygl/public/emergencys_index
INFO: [ app_init ] --START--
INFO: Run Behavior\BuildLiteBehavior [ RunTime:0.000000s ]
INFO: [ app_init ] --END-- [ RunTime:0.000000s ]
INFO: [ app_begin ] --START--
INFO: Run Behavior\ReadHtmlCacheBehavior [ RunTime:0.001000s ]
INFO: [ app_begin ] --END-- [ RunTime:0.001000s ]
NOTIC: [8] Undefined index: account F:\Project\sannong\Application\Ygl\Controller\PublicController.class.php 第 508 行.
SQL: SHOW COLUMNS FROM `sn_emergency` [ RunTime:0.0030s ]
SQL: SELECT * FROM `sn_emergency` WHERE `id` = 47 AND `status` = 1  [ RunTime:0.0000s ]

[ 2017-01-16T21:23:25+08:00 ] 127.0.0.1 /Ygl/public/emergencys_index
INFO: [ app_init ] --START--
INFO: Run Behavior\BuildLiteBehavior [ RunTime:0.000000s ]
INFO: [ app_init ] --END-- [ RunTime:0.000000s ]
INFO: [ app_begin ] --START--
INFO: Run Behavior\ReadHtmlCacheBehavior [ RunTime:0.000000s ]
INFO: [ app_begin ] --END-- [ RunTime:0.000000s ]
NOTIC: [8] Undefined index: account F:\Project\sannong\Application\Ygl\Controller\PublicController.class.php 第 508 行.
SQL: SHOW COLUMNS FROM `sn_emergency` [ RunTime:0.0020s ]
SQL: SELECT * FROM `sn_emergency` WHERE `id` = 47 AND `status` = 1  [ RunTime:0.0000s ]

